<?xml version="1.0" encoding="UTF-8"?>
<testng-results ignored="0" total="1" passed="1" failed="0" skipped="0">
  <reporter-output>
  </reporter-output>
  <suite started-at="2026-01-03T22:48:17 IST" name="Suite" finished-at="2026-01-03T22:48:33 IST" duration-ms="15868">
    <groups>
    </groups>
    <test started-at="2026-01-03T22:48:17 IST" name="Test" finished-at="2026-01-03T22:48:33 IST" duration-ms="15868">
      <class name="handling_frames.Frames_practise">
        <test-method signature="frame()[pri:0, instance:handling_frames.Frames_practise@60099951]" started-at="2026-01-03T22:48:17 IST" name="frame" finished-at="2026-01-03T22:48:33 IST" duration-ms="15815" status="PASS">
          <reporter-output>
          </reporter-output>
        </test-method> <!-- frame -->
      </class> <!-- handling_frames.Frames_practise -->
    </test> <!-- Test -->
  </suite> <!-- Suite -->
</testng-results>
